<?xml version="1.0" encoding="UTF-8"?>
<!-- Generated by org.testng.reporters.JUnitReportReporter -->
<testsuite skipped="0" hostname="DESKTOP-5JIOCAM" name="com.yalla.testcases.TC001_EditTest" tests="1" failures="0" timestamp="20 Apr 2019 17:45:38 GMT" time="10.754" errors="0">
  <testcase name="testEditFunction" time="10.754" classname="com.yalla.testcases.TC001_EditTest"/>
</testsuite> <!-- com.yalla.testcases.TC001_EditTest -->
